version https://git-lfs.github.com/spec/v1
oid sha256:94c27fcc2ceeabeefde74134c84cfbdec79b237db720b01d914a69a47d2a292e
size 4096
