version https://git-lfs.github.com/spec/v1
oid sha256:fa7ccf8baa38f293e5d26c397e59a673d8de2a1434fa6e5654a0b75309f56849
size 4096
